# JRE version: OpenJDK Runtime Environment (8.0_152-b01) (build 1.8.0_152-release-915-b01)
# Java VM: OpenJDK 64-Bit Server VM (25.152-b01 mixed mode windows-amd64 compressed oops)
Heap:
 PSYoungGen      total 289280K, used 261918K [0x00000000e0000000, 0x00000000f7180000, 0x0000000100000000)
  eden space 267264K, 98% used [0x00000000e0000000,0x00000000effc7bb8,0x00000000f0500000)
  from space 22016K, 0% used [0x00000000f0500000,0x00000000f0500000,0x00000000f1a80000)
  to   space 23552K, 0% used [0x00000000f5a80000,0x00000000f5a80000,0x00000000f7180000)
 ParOldGen       total 205824K, used 32619K [0x00000000a0000000, 0x00000000ac900000, 0x00000000e0000000)
  object space 205824K, 15% used [0x00000000a0000000,0x00000000a1fdae60,0x00000000ac900000)
 Metaspace       used 66227K, capacity 68238K, committed 68440K, reserved 1107968K
  class space    used 8852K, capacity 9307K, committed 9344K, reserved 1048576K
GC Heap History (10 events):
Event: 4.512 GC heap before
{Heap before GC invocations=8 (full 2):
 PSYoungGen      total 196608K, used 9535K [0x00000000e0000000, 0x00000000ee680000, 0x0000000100000000)
  eden space 183296K, 0% used [0x00000000e0000000,0x00000000e0000000,0x00000000eb300000)
  from space 13312K, 71% used [0x00000000ebf80000,0x00000000ec8cff60,0x00000000ecc80000)
  to   space 12800K, 0% used [0x00000000eb300000,0x00000000eb300000,0x00000000ebf80000)
 ParOldGen       total 91648K, used 6799K [0x00000000a0000000, 0x00000000a5980000, 0x00000000e0000000)
  object space 91648K, 7% used [0x00000000a0000000,0x00000000a06a3de0,0x00000000a5980000)
 Metaspace       used 34520K, capacity 35162K, committed 35416K, reserved 1079296K
  class space    used 4685K, capacity 4921K, committed 4992K, reserved 1048576K
Event: 4.582 GC heap after
Heap after GC invocations=8 (full 2):
 PSYoungGen      total 196608K, used 0K [0x00000000e0000000, 0x00000000ee680000, 0x0000000100000000)
  eden space 183296K, 0% used [0x00000000e0000000,0x00000000e0000000,0x00000000eb300000)
  from space 13312K, 0% used [0x00000000ebf80000,0x00000000ebf80000,0x00000000ecc80000)
  to   space 12800K, 0% used [0x00000000eb300000,0x00000000eb300000,0x00000000ebf80000)
 ParOldGen       total 139264K, used 15633K [0x00000000a0000000, 0x00000000a8800000, 0x00000000e0000000)
  object space 139264K, 11% used [0x00000000a0000000,0x00000000a0f446f8,0x00000000a8800000)
 Metaspace       used 34520K, capacity 35162K, committed 35416K, reserved 1079296K
  class space    used 4685K, capacity 4921K, committed 4992K, reserved 1048576K
}
Event: 5.820 GC heap before
{Heap before GC invocations=9 (full 2):
 PSYoungGen      total 196608K, used 183296K [0x00000000e0000000, 0x00000000ee680000, 0x0000000100000000)
  eden space 183296K, 100% used [0x00000000e0000000,0x00000000eb300000,0x00000000eb300000)
  from space 13312K, 0% used [0x00000000ebf80000,0x00000000ebf80000,0x00000000ecc80000)
  to   space 12800K, 0% used [0x00000000eb300000,0x00000000eb300000,0x00000000ebf80000)
 ParOldGen       total 139264K, used 15633K [0x00000000a0000000, 0x00000000a8800000, 0x00000000e0000000)
  object space 139264K, 11% used [0x00000000a0000000,0x00000000a0f446f8,0x00000000a8800000)
 Metaspace       used 47025K, capacity 48048K, committed 48344K, reserved 1091584K
  class space    used 6249K, capacity 6539K, committed 6656K, reserved 1048576K
Event: 5.832 GC heap after
Heap after GC invocations=9 (full 2):
 PSYoungGen      total 196096K, used 12791K [0x00000000e0000000, 0x00000000f2c00000, 0x0000000100000000)
  eden space 183296K, 0% used [0x00000000e0000000,0x00000000e0000000,0x00000000eb300000)
  from space 12800K, 99% used [0x00000000eb300000,0x00000000ebf7dc78,0x00000000ebf80000)
  to   space 16384K, 0% used [0x00000000f1c00000,0x00000000f1c00000,0x00000000f2c00000)
 ParOldGen       total 139264K, used 19928K [0x00000000a0000000, 0x00000000a8800000, 0x00000000e0000000)
  object space 139264K, 14% used [0x00000000a0000000,0x00000000a1376050,0x00000000a8800000)
 Metaspace       used 47025K, capacity 48048K, committed 48344K, reserved 1091584K
  class space    used 6249K, capacity 6539K, committed 6656K, reserved 1048576K
}
Event: 7.445 GC heap before
{Heap before GC invocations=10 (full 2):
 PSYoungGen      total 196096K, used 196087K [0x00000000e0000000, 0x00000000f2c00000, 0x0000000100000000)
  eden space 183296K, 100% used [0x00000000e0000000,0x00000000eb300000,0x00000000eb300000)
  from space 12800K, 99% used [0x00000000eb300000,0x00000000ebf7dc78,0x00000000ebf80000)
  to   space 16384K, 0% used [0x00000000f1c00000,0x00000000f1c00000,0x00000000f2c00000)
 ParOldGen       total 139264K, used 19928K [0x00000000a0000000, 0x00000000a8800000, 0x00000000e0000000)
  object space 139264K, 14% used [0x00000000a0000000,0x00000000a1376050,0x00000000a8800000)
 Metaspace       used 55604K, capacity 57360K, committed 57560K, reserved 1099776K
  class space    used 7461K, capacity 7889K, committed 7936K, reserved 1048576K
Event: 7.459 GC heap after
Heap after GC invocations=10 (full 2):
 PSYoungGen      total 283648K, used 16365K [0x00000000e0000000, 0x00000000f3000000, 0x0000000100000000)
  eden space 267264K, 0% used [0x00000000e0000000,0x00000000e0000000,0x00000000f0500000)
  from space 16384K, 99% used [0x00000000f1c00000,0x00000000f2bfb4f0,0x00000000f2c00000)
  to   space 22016K, 0% used [0x00000000f0500000,0x00000000f0500000,0x00000000f1a80000)
 ParOldGen       total 139264K, used 27862K [0x00000000a0000000, 0x00000000a8800000, 0x00000000e0000000)
  object space 139264K, 20% used [0x00000000a0000000,0x00000000a1b35910,0x00000000a8800000)
 Metaspace       used 55604K, capacity 57360K, committed 57560K, reserved 1099776K
  class space    used 7461K, capacity 7889K, committed 7936K, reserved 1048576K
}
Event: 11.589 GC heap before
{Heap before GC invocations=11 (full 2):
 PSYoungGen      total 283648K, used 75023K [0x00000000e0000000, 0x00000000f3000000, 0x0000000100000000)
  eden space 267264K, 21% used [0x00000000e0000000,0x00000000e39487c0,0x00000000f0500000)
  from space 16384K, 99% used [0x00000000f1c00000,0x00000000f2bfb4f0,0x00000000f2c00000)
  to   space 22016K, 0% used [0x00000000f0500000,0x00000000f0500000,0x00000000f1a80000)
 ParOldGen       total 139264K, used 27862K [0x00000000a0000000, 0x00000000a8800000, 0x00000000e0000000)
  object space 139264K, 20% used [0x00000000a0000000,0x00000000a1b35910,0x00000000a8800000)
 Metaspace       used 57194K, capacity 58970K, committed 59028K, reserved 1099776K
  class space    used 7698K, capacity 8134K, committed 8192K, reserved 1048576K
Event: 11.598 GC heap after
Heap after GC invocations=11 (full 2):
 PSYoungGen      total 289280K, used 18353K [0x00000000e0000000, 0x00000000f7180000, 0x0000000100000000)
  eden space 267264K, 0% used [0x00000000e0000000,0x00000000e0000000,0x00000000f0500000)
  from space 22016K, 83% used [0x00000000f0500000,0x00000000f16ec450,0x00000000f1a80000)
  to   space 23552K, 0% used [0x00000000f5a80000,0x00000000f5a80000,0x00000000f7180000)
 ParOldGen       total 139264K, used 27870K [0x00000000a0000000, 0x00000000a8800000, 0x00000000e0000000)
  object space 139264K, 20% used [0x00000000a0000000,0x00000000a1b37910,0x00000000a8800000)
 Metaspace       used 57194K, capacity 58970K, committed 59028K, reserved 1099776K
  class space    used 7698K, capacity 8134K, committed 8192K, reserved 1048576K
}
Event: 11.598 GC heap before
{Heap before GC invocations=12 (full 3):
 PSYoungGen      total 289280K, used 18353K [0x00000000e0000000, 0x00000000f7180000, 0x0000000100000000)
  eden space 267264K, 0% used [0x00000000e0000000,0x00000000e0000000,0x00000000f0500000)
  from space 22016K, 83% used [0x00000000f0500000,0x00000000f16ec450,0x00000000f1a80000)
  to   space 23552K, 0% used [0x00000000f5a80000,0x00000000f5a80000,0x00000000f7180000)
 ParOldGen       total 139264K, used 27870K [0x00000000a0000000, 0x00000000a8800000, 0x00000000e0000000)
  object space 139264K, 20% used [0x00000000a0000000,0x00000000a1b37910,0x00000000a8800000)
 Metaspace       used 57194K, capacity 58970K, committed 59028K, reserved 1099776K
  class space    used 7698K, capacity 8134K, committed 8192K, reserved 1048576K
Event: 11.751 GC heap after
Heap after GC invocations=12 (full 3):
 PSYoungGen      total 289280K, used 0K [0x00000000e0000000, 0x00000000f7180000, 0x0000000100000000)
  eden space 267264K, 0% used [0x00000000e0000000,0x00000000e0000000,0x00000000f0500000)
  from space 22016K, 0% used [0x00000000f0500000,0x00000000f0500000,0x00000000f1a80000)
  to   space 23552K, 0% used [0x00000000f5a80000,0x00000000f5a80000,0x00000000f7180000)
 ParOldGen       total 205824K, used 32619K [0x00000000a0000000, 0x00000000ac900000, 0x00000000e0000000)
  object space 205824K, 15% used [0x00000000a0000000,0x00000000a1fdae60,0x00000000ac900000)
 Metaspace       used 57194K, capacity 58970K, committed 59028K, reserved 1099776K
  class space    used 7698K, capacity 8134K, committed 8192K, reserved 1048576K
}

